<?xml version="1.0" encoding="UTF-8"?>
<testng-results skipped="0" failed="0" total="1" passed="1">
  <reporter-output>
  </reporter-output>
  <suite name="Default suite" duration-ms="1357" started-at="2016-03-30T06:18:59Z" finished-at="2016-03-30T06:19:00Z">
    <groups>
      <group name="Functional">
        <method signature="PreviewCsvTest.testProviewCsvByContainerId1()[pri:0, instance:com.endeca.microservices.connector.api.PreviewCsvTest@2d7275fc]" name="testProviewCsvByContainerId1" class="com.endeca.microservices.connector.api.PreviewCsvTest"/>
      </group> <!-- Functional -->
    </groups>
    <test name="Default test" duration-ms="1357" started-at="2016-03-30T06:18:59Z" finished-at="2016-03-30T06:19:00Z">
      <class name="com.endeca.microservices.connector.api.PreviewCsvTest">
        <test-method status="PASS" signature="setUpBeforeClass()[pri:0, instance:com.endeca.microservices.connector.api.PreviewCsvTest@2d7275fc]" name="setUpBeforeClass" is-config="true" duration-ms="1330" started-at="2016-03-30T14:18:59Z" finished-at="2016-03-30T14:19:00Z">
          <reporter-output>
          </reporter-output>
        </test-method> <!-- setUpBeforeClass -->
        <test-method status="PASS" signature="testProviewCsvByContainerId1()[pri:0, instance:com.endeca.microservices.connector.api.PreviewCsvTest@2d7275fc]" name="testProviewCsvByContainerId1" duration-ms="10" started-at="2016-03-30T14:19:00Z" finished-at="2016-03-30T14:19:00Z">
          <reporter-output>
          </reporter-output>
        </test-method> <!-- testProviewCsvByContainerId1 -->
        <test-method status="PASS" signature="tearDown()[pri:0, instance:com.endeca.microservices.connector.api.PreviewCsvTest@2d7275fc]" name="tearDown" is-config="true" duration-ms="0" started-at="2016-03-30T14:19:00Z" finished-at="2016-03-30T14:19:00Z">
          <reporter-output>
          </reporter-output>
        </test-method> <!-- tearDown -->
      </class> <!-- com.endeca.microservices.connector.api.PreviewCsvTest -->
    </test> <!-- Default test -->
  </suite> <!-- Default suite -->
</testng-results>
