<?xml version="1.0" encoding="UTF-8"?>
<!-- Generated by org.testng.reporters.JUnitXMLReporter -->
<testsuite hostname="LONGWANG-CN" name="Default test" tests="2" failures="0" timestamp="29 Mar 2016 10:26:48 GMT" time="4.22" errors="0">
  <testcase name="testBrowseObjectById1" time="1.333" classname="com.endeca.microservices.connector.api.BrowseObjectById"/>
  <testcase name="testBrowseObjectById2" time="1.24" classname="com.endeca.microservices.connector.api.BrowseObjectById"/>
</testsuite> <!-- Default test -->
