<?xml version="1.0" encoding="UTF-8"?>
<!-- Generated by org.testng.reporters.JUnitXMLReporter -->
<testsuite hostname="LONGWANG-CN" name="Default test" tests="3" failures="0" timestamp="29 Mar 2016 10:52:38 GMT" time="3.098" errors="0">
  <testcase name="testPutConnectorsByIdNeg1" time="0.304" classname="com.endeca.microservices.connector.api.PutConnectorsByIdNegTest"/>
  <testcase name="testPutConnectorsByIdNeg7" time="0.298" classname="com.endeca.microservices.connector.api.PutConnectorsByIdNegTest"/>
  <testcase name="testPutConnectorsByIdNeg8" time="0.298" classname="com.endeca.microservices.connector.api.PutConnectorsByIdNegTest"/>
</testsuite> <!-- Default test -->
